7:21:40 PM  [main] 	Initializing Control Panel
7:21:40 PM  [main] 	Windows Version:  Enterprise  64-bit
7:21:40 PM  [main] 	XAMPP Version: 8.2.12
7:21:40 PM  [main] 	Control Panel Version: 3.3.0  [ Compiled: Apr 6th 2021 ]
7:21:40 PM  [main] 	You are not running with administrator rights! This will work for
7:21:40 PM  [main] 	most application stuff but whenever you do something with services
7:21:40 PM  [main] 	there will be a security dialogue or things will break! So think 
7:21:40 PM  [main] 	about running this application with administrator rights!
7:21:40 PM  [main] 	XAMPP Installation Directory: "d:\xampp\"
7:21:40 PM  [main] 	Checking for prerequisites
7:21:40 PM  [main] 	All prerequisites found
7:21:40 PM  [main] 	Initializing Modules
7:21:40 PM  [Apache] 	Problem detected!
7:21:40 PM  [Apache] 	Port 80 in use by "C:\desktop\apache\bin\httpd.exe" with PID 11088!
7:21:40 PM  [Apache] 	Apache WILL NOT start without the configured ports free!
7:21:40 PM  [Apache] 	You need to uninstall/disable/reconfigure the blocking application
7:21:40 PM  [Apache] 	or reconfigure Apache and the Control Panel to listen on a different port
7:21:40 PM  [Apache] 	Problem detected!
7:21:40 PM  [Apache] 	Port 443 in use by "C:\desktop\apache\bin\httpd.exe" with PID 11088!
7:21:40 PM  [Apache] 	Apache WILL NOT start without the configured ports free!
7:21:40 PM  [Apache] 	You need to uninstall/disable/reconfigure the blocking application
7:21:40 PM  [Apache] 	or reconfigure Apache and the Control Panel to listen on a different port
7:21:40 PM  [mysql] 	Problem detected!
7:21:40 PM  [mysql] 	Port 3306 in use by "C:\desktop\mysql\bin\mysqld.exe"!
7:21:40 PM  [mysql] 	MySQL WILL NOT start without the configured ports free!
7:21:40 PM  [mysql] 	You need to uninstall/disable/reconfigure the blocking application
7:21:40 PM  [mysql] 	or reconfigure MySQL and the Control Panel to listen on a different port
7:21:40 PM  [main] 	Starting Check-Timer
7:21:40 PM  [main] 	Control Panel Ready
7:21:43 PM  [Apache] 	Problem detected!
7:21:43 PM  [Apache] 	Port 80 in use by "C:\desktop\apache\bin\httpd.exe" with PID 11088!
7:21:43 PM  [Apache] 	Apache WILL NOT start without the configured ports free!
7:21:43 PM  [Apache] 	You need to uninstall/disable/reconfigure the blocking application
7:21:43 PM  [Apache] 	or reconfigure Apache and the Control Panel to listen on a different port
7:21:43 PM  [Apache] 	Problem detected!
7:21:43 PM  [Apache] 	Port 443 in use by "C:\desktop\apache\bin\httpd.exe" with PID 11088!
7:21:43 PM  [Apache] 	Apache WILL NOT start without the configured ports free!
7:21:43 PM  [Apache] 	You need to uninstall/disable/reconfigure the blocking application
7:21:43 PM  [Apache] 	or reconfigure Apache and the Control Panel to listen on a different port
7:21:43 PM  [Apache] 	Attempting to start Apache app...
7:21:43 PM  [Apache] 	Status change detected: running
7:21:44 PM  [Apache] 	Status change detected: stopped
7:21:44 PM  [Apache] 	Error: Apache shutdown unexpectedly.
7:21:44 PM  [Apache] 	This may be due to a blocked port, missing dependencies, 
7:21:44 PM  [Apache] 	improper privileges, a crash, or a shutdown by another method.
7:21:44 PM  [Apache] 	Press the Logs button to view error logs and check
7:21:44 PM  [Apache] 	the Windows Event Viewer for more clues
7:21:44 PM  [Apache] 	If you need more help, copy and post this
7:21:44 PM  [Apache] 	entire log window on the forums
7:21:45 PM  [mysql] 	Problem detected!
7:21:45 PM  [mysql] 	Port 3306 in use by "C:\desktop\mysql\bin\mysqld.exe"!
7:21:45 PM  [mysql] 	MySQL WILL NOT start without the configured ports free!
7:21:45 PM  [mysql] 	You need to uninstall/disable/reconfigure the blocking application
7:21:45 PM  [mysql] 	or reconfigure MySQL and the Control Panel to listen on a different port
7:21:45 PM  [mysql] 	Attempting to start MySQL app...
7:21:45 PM  [mysql] 	Status change detected: running
7:21:47 PM  [mysql] 	Status change detected: stopped
7:21:47 PM  [mysql] 	Error: MySQL shutdown unexpectedly.
7:21:47 PM  [mysql] 	This may be due to a blocked port, missing dependencies, 
7:21:47 PM  [mysql] 	improper privileges, a crash, or a shutdown by another method.
7:21:47 PM  [mysql] 	Press the Logs button to view error logs and check
7:21:47 PM  [mysql] 	the Windows Event Viewer for more clues
7:21:47 PM  [mysql] 	If you need more help, copy and post this
7:21:47 PM  [mysql] 	entire log window on the forums
7:25:39 PM  [main] 	Deinitializing Modules
7:25:39 PM  [main] 	Deinitializing Control Panel

11:45:04 PM  [main] 	Initializing Control Panel
11:45:04 PM  [main] 	Windows Version:  Enterprise  64-bit
11:45:04 PM  [main] 	XAMPP Version: 8.2.12
11:45:04 PM  [main] 	Control Panel Version: 3.3.0  [ Compiled: Apr 6th 2021 ]
11:45:04 PM  [main] 	You are not running with administrator rights! This will work for
11:45:04 PM  [main] 	most application stuff but whenever you do something with services
11:45:04 PM  [main] 	there will be a security dialogue or things will break! So think 
11:45:04 PM  [main] 	about running this application with administrator rights!
11:45:04 PM  [main] 	XAMPP Installation Directory: "d:\xampp\"
11:45:04 PM  [main] 	Checking for prerequisites
11:45:06 PM  [main] 	All prerequisites found
11:45:06 PM  [main] 	Initializing Modules
11:45:06 PM  [main] 	Starting Check-Timer
11:45:06 PM  [main] 	Control Panel Ready
11:45:08 PM  [Apache] 	Attempting to start Apache app...
11:45:09 PM  [Apache] 	Status change detected: running
11:45:10 PM  [mysql] 	Attempting to start MySQL app...
11:45:10 PM  [mysql] 	Status change detected: running
2:33:15 AM  [main] 	Deinitializing Modules
2:33:15 AM  [main] 	Deinitializing Control Panel

11:15:40 PM  [main] 	Initializing Control Panel
11:15:40 PM  [main] 	Windows Version:  Enterprise  64-bit
11:15:40 PM  [main] 	XAMPP Version: 8.2.12
11:15:40 PM  [main] 	Control Panel Version: 3.3.0  [ Compiled: Apr 6th 2021 ]
11:15:40 PM  [main] 	You are not running with administrator rights! This will work for
11:15:40 PM  [main] 	most application stuff but whenever you do something with services
11:15:40 PM  [main] 	there will be a security dialogue or things will break! So think 
11:15:40 PM  [main] 	about running this application with administrator rights!
11:15:40 PM  [main] 	XAMPP Installation Directory: "d:\xampp\"
11:15:40 PM  [main] 	Checking for prerequisites
11:15:41 PM  [main] 	All prerequisites found
11:15:41 PM  [main] 	Initializing Modules
11:15:41 PM  [main] 	Starting Check-Timer
11:15:41 PM  [main] 	Control Panel Ready
11:15:44 PM  [Apache] 	Attempting to start Apache app...
11:15:44 PM  [Apache] 	Status change detected: running
11:15:45 PM  [mysql] 	Attempting to start MySQL app...
11:15:46 PM  [mysql] 	Status change detected: running
12:59:44 AM  [Apache] 	Attempting to stop Apache (PID: 1776)
12:59:44 AM  [Apache] 	Attempting to stop Apache (PID: 10332)
12:59:44 AM  [Apache] 	Status change detected: stopped
12:59:45 AM  [mysql] 	Attempting to stop MySQL app...
12:59:45 AM  [mysql] 	Status change detected: stopped
1:45:35 AM  [main] 	Deinitializing Modules
1:45:35 AM  [main] 	Deinitializing Control Panel

5:21:56 PM  [main] 	Initializing Control Panel
5:21:56 PM  [main] 	Windows Version:  Enterprise  64-bit
5:21:56 PM  [main] 	XAMPP Version: 8.2.12
5:21:56 PM  [main] 	Control Panel Version: 3.3.0  [ Compiled: Apr 6th 2021 ]
5:21:56 PM  [main] 	You are not running with administrator rights! This will work for
5:21:56 PM  [main] 	most application stuff but whenever you do something with services
5:21:56 PM  [main] 	there will be a security dialogue or things will break! So think 
5:21:56 PM  [main] 	about running this application with administrator rights!
5:21:56 PM  [main] 	XAMPP Installation Directory: "d:\xampp\"
5:21:56 PM  [main] 	Checking for prerequisites
5:21:57 PM  [main] 	All prerequisites found
5:21:57 PM  [main] 	Initializing Modules
5:21:57 PM  [main] 	Starting Check-Timer
5:21:57 PM  [main] 	Control Panel Ready
5:21:59 PM  [Apache] 	Attempting to start Apache app...
5:22:00 PM  [Apache] 	Status change detected: running
5:22:00 PM  [mysql] 	Attempting to start MySQL app...
5:22:01 PM  [mysql] 	Status change detected: running
6:34:36 PM  [main] 	Deinitializing Modules
6:34:36 PM  [main] 	Deinitializing Control Panel

3:33:51 PM  [main] 	Initializing Control Panel
3:33:51 PM  [main] 	Windows Version:  Enterprise  64-bit
3:33:51 PM  [main] 	XAMPP Version: 8.2.12
3:33:51 PM  [main] 	Control Panel Version: 3.3.0  [ Compiled: Apr 6th 2021 ]
3:33:51 PM  [main] 	You are not running with administrator rights! This will work for
3:33:51 PM  [main] 	most application stuff but whenever you do something with services
3:33:51 PM  [main] 	there will be a security dialogue or things will break! So think 
3:33:51 PM  [main] 	about running this application with administrator rights!
3:33:51 PM  [main] 	XAMPP Installation Directory: "d:\xampp\"
3:33:51 PM  [main] 	Checking for prerequisites
3:33:52 PM  [main] 	All prerequisites found
3:33:52 PM  [main] 	Initializing Modules
3:33:52 PM  [main] 	Starting Check-Timer
3:33:52 PM  [main] 	Control Panel Ready
3:33:54 PM  [Apache] 	Attempting to start Apache app...
3:33:55 PM  [Apache] 	Status change detected: running
3:33:56 PM  [mysql] 	Attempting to start MySQL app...
3:33:57 PM  [mysql] 	Status change detected: running
3:33:58 PM  [mysql] 	Status change detected: stopped
3:33:58 PM  [mysql] 	Error: MySQL shutdown unexpectedly.
3:33:58 PM  [mysql] 	This may be due to a blocked port, missing dependencies, 
3:33:58 PM  [mysql] 	improper privileges, a crash, or a shutdown by another method.
3:33:58 PM  [mysql] 	Press the Logs button to view error logs and check
3:33:58 PM  [mysql] 	the Windows Event Viewer for more clues
3:33:58 PM  [mysql] 	If you need more help, copy and post this
3:33:58 PM  [mysql] 	entire log window on the forums
3:34:10 PM  [mysql] 	Attempting to start MySQL app...
3:34:10 PM  [mysql] 	Status change detected: running
2:06:06 AM  [main] 	Deinitializing Modules
2:06:06 AM  [main] 	Deinitializing Control Panel

1:56:55 PM  [main] 	Initializing Control Panel
1:56:55 PM  [main] 	Windows Version:  Enterprise  64-bit
1:56:55 PM  [main] 	XAMPP Version: 8.2.12
1:56:55 PM  [main] 	Control Panel Version: 3.3.0  [ Compiled: Apr 6th 2021 ]
1:56:55 PM  [main] 	You are not running with administrator rights! This will work for
1:56:55 PM  [main] 	most application stuff but whenever you do something with services
1:56:55 PM  [main] 	there will be a security dialogue or things will break! So think 
1:56:55 PM  [main] 	about running this application with administrator rights!
1:56:55 PM  [main] 	XAMPP Installation Directory: "d:\xampp\"
1:56:55 PM  [main] 	Checking for prerequisites
1:56:55 PM  [main] 	All prerequisites found
1:56:55 PM  [main] 	Initializing Modules
1:56:55 PM  [main] 	Starting Check-Timer
1:56:55 PM  [main] 	Control Panel Ready
5:12:16 PM  [main] 	Deinitializing Modules
5:12:16 PM  [main] 	Deinitializing Control Panel

1:53:37 PM  [main] 	Initializing Control Panel
1:53:37 PM  [main] 	Windows Version:  Enterprise  64-bit
1:53:37 PM  [main] 	XAMPP Version: 8.2.12
1:53:37 PM  [main] 	Control Panel Version: 3.3.0  [ Compiled: Apr 6th 2021 ]
1:53:37 PM  [main] 	You are not running with administrator rights! This will work for
1:53:37 PM  [main] 	most application stuff but whenever you do something with services
1:53:37 PM  [main] 	there will be a security dialogue or things will break! So think 
1:53:37 PM  [main] 	about running this application with administrator rights!
1:53:37 PM  [main] 	XAMPP Installation Directory: "d:\xampp\"
1:53:37 PM  [main] 	Checking for prerequisites
1:53:38 PM  [main] 	All prerequisites found
1:53:38 PM  [main] 	Initializing Modules
1:53:38 PM  [Apache] 	XAMPP Apache is already running on port 80
1:53:38 PM  [Apache] 	XAMPP Apache is already running on port 443
1:53:38 PM  [mysql] 	XAMPP MySQL is already running on port 3306
1:53:38 PM  [main] 	Starting Check-Timer
1:53:38 PM  [main] 	Control Panel Ready
1:53:40 PM  [Apache] 	Attempting to stop Apache (PID: 11844)
1:53:40 PM  [Apache] 	Attempting to stop Apache (PID: 5640)
1:53:40 PM  [Apache] 	Status change detected: stopped
1:53:41 PM  [mysql] 	Attempting to stop MySQL app...
1:53:41 PM  [mysql] 	Status change detected: stopped
5:12:16 PM  [main] 	Deinitializing Modules
5:12:16 PM  [main] 	Deinitializing Control Panel

