[Sat Nov 25 20:32:15.679357 2023] [ssl:warn] [pid 11236:tid 368] AH01909: www.example.com:443:0 server certificate does NOT include an ID which matches the server name
[Sat Nov 25 20:32:15.724110 2023] [ssl:warn] [pid 11236:tid 368] AH01909: www.example.com:443:0 server certificate does NOT include an ID which matches the server name
[Sat Nov 25 20:32:16.317536 2023] [mpm_winnt:notice] [pid 11236:tid 368] AH00455: Apache/2.4.58 (Win64) OpenSSL/3.1.3 PHP/8.2.12 configured -- resuming normal operations
[Sat Nov 25 20:32:16.317536 2023] [mpm_winnt:notice] [pid 11236:tid 368] AH00456: Apache Lounge VS17 Server built: Oct 18 2023 13:03:18
[Sat Nov 25 20:32:16.317536 2023] [core:notice] [pid 11236:tid 368] AH00094: Command line: 'c:\\xampp\\apache\\bin\\httpd.exe -d C:/xampp/apache'
[Sat Nov 25 20:32:16.328898 2023] [mpm_winnt:notice] [pid 11236:tid 368] AH00418: Parent: Created child process 5800
[Sat Nov 25 20:32:16.928066 2023] [ssl:warn] [pid 5800:tid 364] AH01909: www.example.com:443:0 server certificate does NOT include an ID which matches the server name
[Sat Nov 25 20:32:16.973726 2023] [ssl:warn] [pid 5800:tid 364] AH01909: www.example.com:443:0 server certificate does NOT include an ID which matches the server name
[Sat Nov 25 20:32:17.033443 2023] [mpm_winnt:notice] [pid 5800:tid 364] AH00354: Child: Starting 150 worker threads.
[Fri Feb 02 19:28:52.676102 2024] [ssl:warn] [pid 7384:tid 396] AH01909: www.example.com:443:0 server certificate does NOT include an ID which matches the server name
[Fri Feb 02 19:28:52.701645 2024] [core:warn] [pid 7384:tid 396] AH00098: pid file D:/xampp/apache/logs/httpd.pid overwritten -- Unclean shutdown of previous Apache run?
[Fri Feb 02 19:28:52.704442 2024] [ssl:warn] [pid 7384:tid 396] AH01909: www.example.com:443:0 server certificate does NOT include an ID which matches the server name
[Fri Feb 02 19:28:53.118374 2024] [mpm_winnt:notice] [pid 7384:tid 396] AH00455: Apache/2.4.58 (Win64) OpenSSL/3.1.3 PHP/8.2.12 configured -- resuming normal operations
[Fri Feb 02 19:28:53.118374 2024] [mpm_winnt:notice] [pid 7384:tid 396] AH00456: Apache Lounge VS17 Server built: Oct 18 2023 13:03:18
[Fri Feb 02 19:28:53.118374 2024] [core:notice] [pid 7384:tid 396] AH00094: Command line: 'd:\\xampp\\apache\\bin\\httpd.exe -d D:/xampp/apache'
[Fri Feb 02 19:28:53.120782 2024] [mpm_winnt:notice] [pid 7384:tid 396] AH00418: Parent: Created child process 12032
[Fri Feb 02 19:28:53.454895 2024] [ssl:warn] [pid 12032:tid 416] AH01909: www.example.com:443:0 server certificate does NOT include an ID which matches the server name
[Fri Feb 02 19:28:53.477420 2024] [ssl:warn] [pid 12032:tid 416] AH01909: www.example.com:443:0 server certificate does NOT include an ID which matches the server name
[Fri Feb 02 19:28:53.513595 2024] [mpm_winnt:notice] [pid 12032:tid 416] AH00354: Child: Starting 150 worker threads.
[Fri Feb 02 19:49:07.532008 2024] [php:warn] [pid 12032:tid 1880] [client ::1:50025] PHP Warning:  Undefined array key "login_name" in D:\\xampp\\htdocs\\Event_Management_System\\admin\\topbar.php on line 23
[Fri Feb 02 19:49:07.532008 2024] [php:warn] [pid 12032:tid 1880] [client ::1:50025] PHP Warning:  Undefined array key "login_id" in D:\\xampp\\htdocs\\Event_Management_System\\admin\\topbar.php on line 36
[Fri Feb 02 19:49:07.573623 2024] [php:warn] [pid 12032:tid 1880] [client ::1:50025] PHP Warning:  Undefined array key "login_type" in D:\\xampp\\htdocs\\Event_Management_System\\admin\\navbar.php on line 24
[Fri Feb 02 19:49:07.630318 2024] [php:warn] [pid 12032:tid 1880] [client ::1:50025] PHP Warning:  Undefined array key "login_name" in D:\\xampp\\htdocs\\Event_Management_System\\admin\\home.php on line 44
[Fri Feb 02 19:58:18.710188 2024] [php:warn] [pid 12032:tid 1864] [client ::1:50228] PHP Warning:  Undefined array key "login_name" in D:\\xampp\\htdocs\\Event_Management_System\\admin\\topbar.php on line 23
[Fri Feb 02 19:58:18.710188 2024] [php:warn] [pid 12032:tid 1864] [client ::1:50228] PHP Warning:  Undefined array key "login_id" in D:\\xampp\\htdocs\\Event_Management_System\\admin\\topbar.php on line 36
[Fri Feb 02 19:58:18.710874 2024] [php:warn] [pid 12032:tid 1864] [client ::1:50228] PHP Warning:  Undefined array key "login_type" in D:\\xampp\\htdocs\\Event_Management_System\\admin\\navbar.php on line 24
[Fri Feb 02 19:58:18.712128 2024] [php:warn] [pid 12032:tid 1864] [client ::1:50228] PHP Warning:  Undefined array key "login_name" in D:\\xampp\\htdocs\\Event_Management_System\\admin\\home.php on line 44
[Fri Feb 02 23:45:10.123391 2024] [ssl:warn] [pid 5012:tid 364] AH01909: www.example.com:443:0 server certificate does NOT include an ID which matches the server name
[Fri Feb 02 23:45:10.154915 2024] [core:warn] [pid 5012:tid 364] AH00098: pid file D:/xampp/apache/logs/httpd.pid overwritten -- Unclean shutdown of previous Apache run?
[Fri Feb 02 23:45:10.160505 2024] [ssl:warn] [pid 5012:tid 364] AH01909: www.example.com:443:0 server certificate does NOT include an ID which matches the server name
[Fri Feb 02 23:45:10.486339 2024] [mpm_winnt:notice] [pid 5012:tid 364] AH00455: Apache/2.4.58 (Win64) OpenSSL/3.1.3 PHP/8.2.12 configured -- resuming normal operations
[Fri Feb 02 23:45:10.486339 2024] [mpm_winnt:notice] [pid 5012:tid 364] AH00456: Apache Lounge VS17 Server built: Oct 18 2023 13:03:18
[Fri Feb 02 23:45:10.486339 2024] [core:notice] [pid 5012:tid 364] AH00094: Command line: 'd:\\xampp\\apache\\bin\\httpd.exe -d D:/xampp/apache'
[Fri Feb 02 23:45:10.486339 2024] [mpm_winnt:notice] [pid 5012:tid 364] AH00418: Parent: Created child process 7604
[Fri Feb 02 23:45:10.748597 2024] [ssl:warn] [pid 7604:tid 364] AH01909: www.example.com:443:0 server certificate does NOT include an ID which matches the server name
[Fri Feb 02 23:45:10.778232 2024] [ssl:warn] [pid 7604:tid 364] AH01909: www.example.com:443:0 server certificate does NOT include an ID which matches the server name
[Fri Feb 02 23:45:10.812063 2024] [mpm_winnt:notice] [pid 7604:tid 364] AH00354: Child: Starting 150 worker threads.
[Fri Feb 02 23:45:41.867330 2024] [php:warn] [pid 7604:tid 1904] [client ::1:51245] PHP Warning:  Undefined array key "login_name" in D:\\xampp\\htdocs\\Event_Management_System\\admin\\topbar.php on line 23
[Fri Feb 02 23:45:41.867330 2024] [php:warn] [pid 7604:tid 1904] [client ::1:51245] PHP Warning:  Undefined array key "login_id" in D:\\xampp\\htdocs\\Event_Management_System\\admin\\topbar.php on line 36
[Fri Feb 02 23:45:41.898683 2024] [php:warn] [pid 7604:tid 1904] [client ::1:51245] PHP Warning:  Undefined array key "login_type" in D:\\xampp\\htdocs\\Event_Management_System\\admin\\navbar.php on line 24
[Fri Feb 02 23:45:41.920334 2024] [php:warn] [pid 7604:tid 1904] [client ::1:51245] PHP Warning:  Undefined array key "login_name" in D:\\xampp\\htdocs\\Event_Management_System\\admin\\home.php on line 44
[Sat Feb 03 00:10:42.461362 2024] [php:warn] [pid 7604:tid 1896] [client ::1:51630] PHP Warning:  Undefined array key "login_name" in D:\\xampp\\htdocs\\Event_Management_System\\admin\\topbar.php on line 23
[Sat Feb 03 00:10:42.461362 2024] [php:warn] [pid 7604:tid 1896] [client ::1:51630] PHP Warning:  Undefined array key "login_id" in D:\\xampp\\htdocs\\Event_Management_System\\admin\\topbar.php on line 36
[Sat Feb 03 00:10:42.462367 2024] [php:warn] [pid 7604:tid 1896] [client ::1:51630] PHP Warning:  Undefined array key "login_type" in D:\\xampp\\htdocs\\Event_Management_System\\admin\\navbar.php on line 24
[Sat Feb 03 00:10:42.464449 2024] [php:warn] [pid 7604:tid 1896] [client ::1:51630] PHP Warning:  Undefined array key "login_name" in D:\\xampp\\htdocs\\Event_Management_System\\admin\\home.php on line 44
[Sat Feb 03 00:15:40.939000 2024] [php:warn] [pid 7604:tid 1912] [client ::1:51788] PHP Warning:  Undefined array key "login_name" in D:\\xampp\\htdocs\\Event_Management_System\\admin\\topbar.php on line 23
[Sat Feb 03 00:15:40.939000 2024] [php:warn] [pid 7604:tid 1912] [client ::1:51788] PHP Warning:  Undefined array key "login_id" in D:\\xampp\\htdocs\\Event_Management_System\\admin\\topbar.php on line 36
[Sat Feb 03 00:15:40.939000 2024] [php:warn] [pid 7604:tid 1912] [client ::1:51788] PHP Warning:  Undefined array key "login_type" in D:\\xampp\\htdocs\\Event_Management_System\\admin\\navbar.php on line 24
[Sat Feb 03 00:15:40.940143 2024] [php:warn] [pid 7604:tid 1912] [client ::1:51788] PHP Warning:  Undefined array key "login_name" in D:\\xampp\\htdocs\\Event_Management_System\\admin\\home.php on line 44
[Sat Feb 17 23:15:45.958776 2024] [ssl:warn] [pid 1776:tid 388] AH01909: www.example.com:443:0 server certificate does NOT include an ID which matches the server name
[Sat Feb 17 23:15:45.990107 2024] [core:warn] [pid 1776:tid 388] AH00098: pid file D:/xampp/apache/logs/httpd.pid overwritten -- Unclean shutdown of previous Apache run?
[Sat Feb 17 23:15:45.998002 2024] [ssl:warn] [pid 1776:tid 388] AH01909: www.example.com:443:0 server certificate does NOT include an ID which matches the server name
[Sat Feb 17 23:15:46.415767 2024] [mpm_winnt:notice] [pid 1776:tid 388] AH00455: Apache/2.4.58 (Win64) OpenSSL/3.1.3 PHP/8.2.12 configured -- resuming normal operations
[Sat Feb 17 23:15:46.415767 2024] [mpm_winnt:notice] [pid 1776:tid 388] AH00456: Apache Lounge VS17 Server built: Oct 18 2023 13:03:18
[Sat Feb 17 23:15:46.415767 2024] [core:notice] [pid 1776:tid 388] AH00094: Command line: 'd:\\xampp\\apache\\bin\\httpd.exe -d D:/xampp/apache'
[Sat Feb 17 23:15:46.415767 2024] [mpm_winnt:notice] [pid 1776:tid 388] AH00418: Parent: Created child process 10332
[Sat Feb 17 23:15:46.748766 2024] [ssl:warn] [pid 10332:tid 352] AH01909: www.example.com:443:0 server certificate does NOT include an ID which matches the server name
[Sat Feb 17 23:15:46.780119 2024] [ssl:warn] [pid 10332:tid 352] AH01909: www.example.com:443:0 server certificate does NOT include an ID which matches the server name
[Sat Feb 17 23:15:46.811534 2024] [mpm_winnt:notice] [pid 10332:tid 352] AH00354: Child: Starting 150 worker threads.
[Sat Feb 17 23:16:17.333132 2024] [php:warn] [pid 10332:tid 1896] [client ::1:57039] PHP Warning:  Undefined array key "login_name" in D:\\xampp\\htdocs\\Event_Management_System\\admin\\topbar.php on line 23
[Sat Feb 17 23:16:17.333132 2024] [php:warn] [pid 10332:tid 1896] [client ::1:57039] PHP Warning:  Undefined array key "login_id" in D:\\xampp\\htdocs\\Event_Management_System\\admin\\topbar.php on line 36
[Sat Feb 17 23:16:17.382801 2024] [php:warn] [pid 10332:tid 1896] [client ::1:57039] PHP Warning:  Undefined array key "login_type" in D:\\xampp\\htdocs\\Event_Management_System\\admin\\navbar.php on line 24
[Sat Feb 17 23:16:17.432104 2024] [php:warn] [pid 10332:tid 1896] [client ::1:57039] PHP Warning:  Undefined array key "login_name" in D:\\xampp\\htdocs\\Event_Management_System\\admin\\home.php on line 44
[Sun Feb 18 00:56:25.159344 2024] [php:warn] [pid 10332:tid 1880] [client ::1:59206] PHP Warning:  Undefined variable $establishment_id in D:\\xampp\\htdocs\\Event_Management_System\\admin\\admin_class.php on line 48, referer: http://localhost/Event_Management_System/admin/index.php?page=users
[Sun Feb 18 00:56:25.184482 2024] [php:error] [pid 10332:tid 1880] [client ::1:59206] PHP Fatal error:  Uncaught mysqli_sql_exception: Unknown column 'establishment_id' in 'field list' in D:\\xampp\\htdocs\\Event_Management_System\\admin\\admin_class.php:55\nStack trace:\n#0 D:\\xampp\\htdocs\\Event_Management_System\\admin\\admin_class.php(55): mysqli->query('INSERT INTO use...')\n#1 D:\\xampp\\htdocs\\Event_Management_System\\admin\\ajax.php(28): Action->save_user()\n#2 {main}\n  thrown in D:\\xampp\\htdocs\\Event_Management_System\\admin\\admin_class.php on line 55, referer: http://localhost/Event_Management_System/admin/index.php?page=users
[Sun Feb 18 00:56:40.822026 2024] [php:warn] [pid 10332:tid 1880] [client ::1:59210] PHP Warning:  Undefined variable $establishment_id in D:\\xampp\\htdocs\\Event_Management_System\\admin\\admin_class.php on line 48, referer: http://localhost/Event_Management_System/admin/index.php?page=users
[Sun Feb 18 00:56:40.827136 2024] [php:error] [pid 10332:tid 1880] [client ::1:59210] PHP Fatal error:  Uncaught mysqli_sql_exception: Unknown column 'establishment_id' in 'field list' in D:\\xampp\\htdocs\\Event_Management_System\\admin\\admin_class.php:55\nStack trace:\n#0 D:\\xampp\\htdocs\\Event_Management_System\\admin\\admin_class.php(55): mysqli->query('INSERT INTO use...')\n#1 D:\\xampp\\htdocs\\Event_Management_System\\admin\\ajax.php(28): Action->save_user()\n#2 {main}\n  thrown in D:\\xampp\\htdocs\\Event_Management_System\\admin\\admin_class.php on line 55, referer: http://localhost/Event_Management_System/admin/index.php?page=users
[Sun Feb 18 00:56:46.042907 2024] [php:warn] [pid 10332:tid 1880] [client ::1:59212] PHP Warning:  Undefined variable $establishment_id in D:\\xampp\\htdocs\\Event_Management_System\\admin\\admin_class.php on line 48, referer: http://localhost/Event_Management_System/admin/index.php?page=users
[Sun Feb 18 00:56:46.045992 2024] [php:error] [pid 10332:tid 1880] [client ::1:59212] PHP Fatal error:  Uncaught mysqli_sql_exception: Unknown column 'establishment_id' in 'field list' in D:\\xampp\\htdocs\\Event_Management_System\\admin\\admin_class.php:55\nStack trace:\n#0 D:\\xampp\\htdocs\\Event_Management_System\\admin\\admin_class.php(55): mysqli->query('INSERT INTO use...')\n#1 D:\\xampp\\htdocs\\Event_Management_System\\admin\\ajax.php(28): Action->save_user()\n#2 {main}\n  thrown in D:\\xampp\\htdocs\\Event_Management_System\\admin\\admin_class.php on line 55, referer: http://localhost/Event_Management_System/admin/index.php?page=users
[Sun Feb 18 00:57:14.161592 2024] [php:warn] [pid 10332:tid 1880] [client ::1:59214] PHP Warning:  Undefined variable $establishment_id in D:\\xampp\\htdocs\\Event_Management_System\\admin\\admin_class.php on line 48, referer: http://localhost/Event_Management_System/admin/index.php?page=users
[Sun Feb 18 00:57:14.169593 2024] [php:error] [pid 10332:tid 1880] [client ::1:59214] PHP Fatal error:  Uncaught mysqli_sql_exception: Unknown column 'establishment_id' in 'field list' in D:\\xampp\\htdocs\\Event_Management_System\\admin\\admin_class.php:55\nStack trace:\n#0 D:\\xampp\\htdocs\\Event_Management_System\\admin\\admin_class.php(55): mysqli->query('INSERT INTO use...')\n#1 D:\\xampp\\htdocs\\Event_Management_System\\admin\\ajax.php(28): Action->save_user()\n#2 {main}\n  thrown in D:\\xampp\\htdocs\\Event_Management_System\\admin\\admin_class.php on line 55, referer: http://localhost/Event_Management_System/admin/index.php?page=users
[Sun Feb 18 00:57:45.105996 2024] [php:warn] [pid 10332:tid 1880] [client ::1:59222] PHP Warning:  Undefined variable $establishment_id in D:\\xampp\\htdocs\\Event_Management_System\\admin\\admin_class.php on line 48, referer: http://localhost/Event_Management_System/admin/index.php?page=users
[Sun Feb 18 00:57:45.105996 2024] [php:error] [pid 10332:tid 1880] [client ::1:59222] PHP Fatal error:  Uncaught mysqli_sql_exception: Unknown column 'establishment_id' in 'field list' in D:\\xampp\\htdocs\\Event_Management_System\\admin\\admin_class.php:55\nStack trace:\n#0 D:\\xampp\\htdocs\\Event_Management_System\\admin\\admin_class.php(55): mysqli->query('INSERT INTO use...')\n#1 D:\\xampp\\htdocs\\Event_Management_System\\admin\\ajax.php(28): Action->save_user()\n#2 {main}\n  thrown in D:\\xampp\\htdocs\\Event_Management_System\\admin\\admin_class.php on line 55, referer: http://localhost/Event_Management_System/admin/index.php?page=users
[Sun Feb 18 00:59:04.458660 2024] [php:warn] [pid 10332:tid 1880] [client ::1:59235] PHP Warning:  Undefined variable $establishment_id in D:\\xampp\\htdocs\\Event_Management_System\\admin\\admin_class.php on line 48, referer: http://localhost/Event_Management_System/admin/index.php?page=users
[Sun Feb 18 00:59:04.461057 2024] [php:error] [pid 10332:tid 1880] [client ::1:59235] PHP Fatal error:  Uncaught mysqli_sql_exception: Unknown column 'establishment_id' in 'field list' in D:\\xampp\\htdocs\\Event_Management_System\\admin\\admin_class.php:55\nStack trace:\n#0 D:\\xampp\\htdocs\\Event_Management_System\\admin\\admin_class.php(55): mysqli->query('INSERT INTO use...')\n#1 D:\\xampp\\htdocs\\Event_Management_System\\admin\\ajax.php(28): Action->save_user()\n#2 {main}\n  thrown in D:\\xampp\\htdocs\\Event_Management_System\\admin\\admin_class.php on line 55, referer: http://localhost/Event_Management_System/admin/index.php?page=users
[Thu Feb 22 17:22:02.035002 2024] [ssl:warn] [pid 5156:tid 356] AH01909: www.example.com:443:0 server certificate does NOT include an ID which matches the server name
[Thu Feb 22 17:22:02.067533 2024] [core:warn] [pid 5156:tid 356] AH00098: pid file D:/xampp/apache/logs/httpd.pid overwritten -- Unclean shutdown of previous Apache run?
[Thu Feb 22 17:22:02.074939 2024] [ssl:warn] [pid 5156:tid 356] AH01909: www.example.com:443:0 server certificate does NOT include an ID which matches the server name
[Thu Feb 22 17:22:02.524168 2024] [mpm_winnt:notice] [pid 5156:tid 356] AH00455: Apache/2.4.58 (Win64) OpenSSL/3.1.3 PHP/8.2.12 configured -- resuming normal operations
[Thu Feb 22 17:22:02.524168 2024] [mpm_winnt:notice] [pid 5156:tid 356] AH00456: Apache Lounge VS17 Server built: Oct 18 2023 13:03:18
[Thu Feb 22 17:22:02.524168 2024] [core:notice] [pid 5156:tid 356] AH00094: Command line: 'd:\\xampp\\apache\\bin\\httpd.exe -d D:/xampp/apache'
[Thu Feb 22 17:22:02.532176 2024] [mpm_winnt:notice] [pid 5156:tid 356] AH00418: Parent: Created child process 5576
[Thu Feb 22 17:22:02.849224 2024] [ssl:warn] [pid 5576:tid 356] AH01909: www.example.com:443:0 server certificate does NOT include an ID which matches the server name
[Thu Feb 22 17:22:02.876138 2024] [ssl:warn] [pid 5576:tid 356] AH01909: www.example.com:443:0 server certificate does NOT include an ID which matches the server name
[Thu Feb 22 17:22:02.916722 2024] [mpm_winnt:notice] [pid 5576:tid 356] AH00354: Child: Starting 150 worker threads.
[Thu Feb 22 17:22:17.700708 2024] [php:warn] [pid 5576:tid 1860] [client ::1:52386] PHP Warning:  Undefined array key "login_name" in D:\\xampp\\htdocs\\Event_Management_System\\admin\\topbar.php on line 23
[Thu Feb 22 17:22:17.700708 2024] [php:warn] [pid 5576:tid 1860] [client ::1:52386] PHP Warning:  Undefined array key "login_id" in D:\\xampp\\htdocs\\Event_Management_System\\admin\\topbar.php on line 36
[Thu Feb 22 17:22:17.730378 2024] [php:warn] [pid 5576:tid 1860] [client ::1:52386] PHP Warning:  Undefined array key "login_type" in D:\\xampp\\htdocs\\Event_Management_System\\admin\\navbar.php on line 24
[Thu Feb 22 17:22:17.787367 2024] [php:warn] [pid 5576:tid 1860] [client ::1:52386] PHP Warning:  Undefined array key "login_name" in D:\\xampp\\htdocs\\Event_Management_System\\admin\\home.php on line 44
[Thu Feb 22 17:26:23.540745 2024] [php:warn] [pid 5576:tid 1860] [client ::1:52483] PHP Warning:  Undefined variable $type in D:\\xampp\\htdocs\\Event_Management_System\\admin\\admin_class.php on line 45, referer: http://localhost/Event_Management_System/admin/index.php?page=site_settings
[Thu Feb 22 17:26:23.540745 2024] [php:warn] [pid 5576:tid 1860] [client ::1:52483] PHP Warning:  Undefined variable $type in D:\\xampp\\htdocs\\Event_Management_System\\admin\\admin_class.php on line 46, referer: http://localhost/Event_Management_System/admin/index.php?page=site_settings
[Thu Feb 22 17:26:23.540745 2024] [php:warn] [pid 5576:tid 1860] [client ::1:52483] PHP Warning:  Undefined variable $establishment_id in D:\\xampp\\htdocs\\Event_Management_System\\admin\\admin_class.php on line 48, referer: http://localhost/Event_Management_System/admin/index.php?page=site_settings
[Thu Feb 22 17:26:23.540745 2024] [php:error] [pid 5576:tid 1860] [client ::1:52483] PHP Fatal error:  Uncaught mysqli_sql_exception: Unknown column 'establishment_id' in 'field list' in D:\\xampp\\htdocs\\Event_Management_System\\admin\\admin_class.php:57\nStack trace:\n#0 D:\\xampp\\htdocs\\Event_Management_System\\admin\\admin_class.php(57): mysqli->query('UPDATE users se...')\n#1 D:\\xampp\\htdocs\\Event_Management_System\\admin\\ajax.php(28): Action->save_user()\n#2 {main}\n  thrown in D:\\xampp\\htdocs\\Event_Management_System\\admin\\admin_class.php on line 57, referer: http://localhost/Event_Management_System/admin/index.php?page=site_settings
[Thu Feb 22 17:26:41.623568 2024] [php:warn] [pid 5576:tid 1860] [client ::1:52488] PHP Warning:  Undefined variable $type in D:\\xampp\\htdocs\\Event_Management_System\\admin\\admin_class.php on line 45, referer: http://localhost/Event_Management_System/admin/index.php?page=site_settings
[Thu Feb 22 17:26:41.623568 2024] [php:warn] [pid 5576:tid 1860] [client ::1:52488] PHP Warning:  Undefined variable $type in D:\\xampp\\htdocs\\Event_Management_System\\admin\\admin_class.php on line 46, referer: http://localhost/Event_Management_System/admin/index.php?page=site_settings
[Thu Feb 22 17:26:41.623568 2024] [php:warn] [pid 5576:tid 1860] [client ::1:52488] PHP Warning:  Undefined variable $establishment_id in D:\\xampp\\htdocs\\Event_Management_System\\admin\\admin_class.php on line 48, referer: http://localhost/Event_Management_System/admin/index.php?page=site_settings
[Thu Feb 22 17:26:41.623568 2024] [php:error] [pid 5576:tid 1860] [client ::1:52488] PHP Fatal error:  Uncaught mysqli_sql_exception: Unknown column 'establishment_id' in 'field list' in D:\\xampp\\htdocs\\Event_Management_System\\admin\\admin_class.php:57\nStack trace:\n#0 D:\\xampp\\htdocs\\Event_Management_System\\admin\\admin_class.php(57): mysqli->query('UPDATE users se...')\n#1 D:\\xampp\\htdocs\\Event_Management_System\\admin\\ajax.php(28): Action->save_user()\n#2 {main}\n  thrown in D:\\xampp\\htdocs\\Event_Management_System\\admin\\admin_class.php on line 57, referer: http://localhost/Event_Management_System/admin/index.php?page=site_settings
[Thu Feb 22 17:26:42.921943 2024] [php:warn] [pid 5576:tid 1860] [client ::1:52488] PHP Warning:  Undefined variable $type in D:\\xampp\\htdocs\\Event_Management_System\\admin\\admin_class.php on line 45, referer: http://localhost/Event_Management_System/admin/index.php?page=site_settings
[Thu Feb 22 17:26:42.921943 2024] [php:warn] [pid 5576:tid 1860] [client ::1:52488] PHP Warning:  Undefined variable $type in D:\\xampp\\htdocs\\Event_Management_System\\admin\\admin_class.php on line 46, referer: http://localhost/Event_Management_System/admin/index.php?page=site_settings
[Thu Feb 22 17:26:42.921943 2024] [php:warn] [pid 5576:tid 1860] [client ::1:52488] PHP Warning:  Undefined variable $establishment_id in D:\\xampp\\htdocs\\Event_Management_System\\admin\\admin_class.php on line 48, referer: http://localhost/Event_Management_System/admin/index.php?page=site_settings
[Thu Feb 22 17:26:42.929953 2024] [php:error] [pid 5576:tid 1860] [client ::1:52488] PHP Fatal error:  Uncaught mysqli_sql_exception: Unknown column 'establishment_id' in 'field list' in D:\\xampp\\htdocs\\Event_Management_System\\admin\\admin_class.php:57\nStack trace:\n#0 D:\\xampp\\htdocs\\Event_Management_System\\admin\\admin_class.php(57): mysqli->query('UPDATE users se...')\n#1 D:\\xampp\\htdocs\\Event_Management_System\\admin\\ajax.php(28): Action->save_user()\n#2 {main}\n  thrown in D:\\xampp\\htdocs\\Event_Management_System\\admin\\admin_class.php on line 57, referer: http://localhost/Event_Management_System/admin/index.php?page=site_settings
[Thu Feb 22 17:28:58.012674 2024] [php:warn] [pid 5576:tid 1860] [client ::1:52849] PHP Warning:  Undefined variable $type in D:\\xampp\\htdocs\\Event_Management_System\\admin\\admin_class.php on line 45, referer: http://localhost/Event_Management_System/admin/index.php?page=site_settings
[Thu Feb 22 17:28:58.012674 2024] [php:warn] [pid 5576:tid 1860] [client ::1:52849] PHP Warning:  Undefined variable $type in D:\\xampp\\htdocs\\Event_Management_System\\admin\\admin_class.php on line 46, referer: http://localhost/Event_Management_System/admin/index.php?page=site_settings
[Thu Feb 22 17:28:58.012674 2024] [php:warn] [pid 5576:tid 1860] [client ::1:52849] PHP Warning:  Undefined variable $establishment_id in D:\\xampp\\htdocs\\Event_Management_System\\admin\\admin_class.php on line 48, referer: http://localhost/Event_Management_System/admin/index.php?page=site_settings
[Thu Feb 22 17:28:58.015686 2024] [php:error] [pid 5576:tid 1860] [client ::1:52849] PHP Fatal error:  Uncaught mysqli_sql_exception: Unknown column 'establishment_id' in 'field list' in D:\\xampp\\htdocs\\Event_Management_System\\admin\\admin_class.php:57\nStack trace:\n#0 D:\\xampp\\htdocs\\Event_Management_System\\admin\\admin_class.php(57): mysqli->query('UPDATE users se...')\n#1 D:\\xampp\\htdocs\\Event_Management_System\\admin\\ajax.php(28): Action->save_user()\n#2 {main}\n  thrown in D:\\xampp\\htdocs\\Event_Management_System\\admin\\admin_class.php on line 57, referer: http://localhost/Event_Management_System/admin/index.php?page=site_settings
[Thu Feb 22 17:29:03.577651 2024] [php:warn] [pid 5576:tid 1860] [client ::1:52852] PHP Warning:  Undefined variable $type in D:\\xampp\\htdocs\\Event_Management_System\\admin\\admin_class.php on line 45, referer: http://localhost/Event_Management_System/admin/index.php?page=site_settings
[Thu Feb 22 17:29:03.577651 2024] [php:warn] [pid 5576:tid 1860] [client ::1:52852] PHP Warning:  Undefined variable $type in D:\\xampp\\htdocs\\Event_Management_System\\admin\\admin_class.php on line 46, referer: http://localhost/Event_Management_System/admin/index.php?page=site_settings
[Thu Feb 22 17:29:03.579017 2024] [php:warn] [pid 5576:tid 1860] [client ::1:52852] PHP Warning:  Undefined variable $establishment_id in D:\\xampp\\htdocs\\Event_Management_System\\admin\\admin_class.php on line 48, referer: http://localhost/Event_Management_System/admin/index.php?page=site_settings
[Thu Feb 22 17:29:03.580113 2024] [php:error] [pid 5576:tid 1860] [client ::1:52852] PHP Fatal error:  Uncaught mysqli_sql_exception: Unknown column 'establishment_id' in 'field list' in D:\\xampp\\htdocs\\Event_Management_System\\admin\\admin_class.php:57\nStack trace:\n#0 D:\\xampp\\htdocs\\Event_Management_System\\admin\\admin_class.php(57): mysqli->query('UPDATE users se...')\n#1 D:\\xampp\\htdocs\\Event_Management_System\\admin\\ajax.php(28): Action->save_user()\n#2 {main}\n  thrown in D:\\xampp\\htdocs\\Event_Management_System\\admin\\admin_class.php on line 57, referer: http://localhost/Event_Management_System/admin/index.php?page=site_settings
[Tue Feb 27 15:33:56.903630 2024] [ssl:warn] [pid 4300:tid 356] AH01909: www.example.com:443:0 server certificate does NOT include an ID which matches the server name
[Tue Feb 27 15:33:56.919651 2024] [core:warn] [pid 4300:tid 356] AH00098: pid file D:/xampp/apache/logs/httpd.pid overwritten -- Unclean shutdown of previous Apache run?
[Tue Feb 27 15:33:56.919651 2024] [ssl:warn] [pid 4300:tid 356] AH01909: www.example.com:443:0 server certificate does NOT include an ID which matches the server name
[Tue Feb 27 15:33:57.349167 2024] [mpm_winnt:notice] [pid 4300:tid 356] AH00455: Apache/2.4.58 (Win64) OpenSSL/3.1.3 PHP/8.2.12 configured -- resuming normal operations
[Tue Feb 27 15:33:57.349167 2024] [mpm_winnt:notice] [pid 4300:tid 356] AH00456: Apache Lounge VS17 Server built: Oct 18 2023 13:03:18
[Tue Feb 27 15:33:57.349167 2024] [core:notice] [pid 4300:tid 356] AH00094: Command line: 'd:\\xampp\\apache\\bin\\httpd.exe -d D:/xampp/apache'
[Tue Feb 27 15:33:57.349167 2024] [mpm_winnt:notice] [pid 4300:tid 356] AH00418: Parent: Created child process 6384
[Tue Feb 27 15:33:57.689902 2024] [ssl:warn] [pid 6384:tid 396] AH01909: www.example.com:443:0 server certificate does NOT include an ID which matches the server name
[Tue Feb 27 15:33:57.720598 2024] [ssl:warn] [pid 6384:tid 396] AH01909: www.example.com:443:0 server certificate does NOT include an ID which matches the server name
[Tue Feb 27 15:33:57.758380 2024] [mpm_winnt:notice] [pid 6384:tid 396] AH00354: Child: Starting 150 worker threads.
[Tue Feb 27 15:34:33.645349 2024] [php:warn] [pid 6384:tid 1872] [client ::1:54748] PHP Warning:  Undefined array key "login_name" in D:\\xampp\\htdocs\\Event_Management_System\\admin\\topbar.php on line 23
[Tue Feb 27 15:34:33.645349 2024] [php:warn] [pid 6384:tid 1872] [client ::1:54748] PHP Warning:  Undefined array key "login_id" in D:\\xampp\\htdocs\\Event_Management_System\\admin\\topbar.php on line 36
[Tue Feb 27 15:34:33.683713 2024] [php:warn] [pid 6384:tid 1872] [client ::1:54748] PHP Warning:  Undefined array key "login_type" in D:\\xampp\\htdocs\\Event_Management_System\\admin\\navbar.php on line 24
[Tue Feb 27 15:34:33.735505 2024] [php:warn] [pid 6384:tid 1872] [client ::1:54748] PHP Warning:  Undefined array key "login_name" in D:\\xampp\\htdocs\\Event_Management_System\\admin\\home.php on line 44
[Wed Feb 28 11:25:37.669427 2024] [ssl:warn] [pid 11844:tid 364] AH01909: www.example.com:443:0 server certificate does NOT include an ID which matches the server name
[Wed Feb 28 11:25:37.701223 2024] [core:warn] [pid 11844:tid 364] AH00098: pid file D:/xampp/apache/logs/httpd.pid overwritten -- Unclean shutdown of previous Apache run?
[Wed Feb 28 11:25:37.701223 2024] [ssl:warn] [pid 11844:tid 364] AH01909: www.example.com:443:0 server certificate does NOT include an ID which matches the server name
[Wed Feb 28 11:25:38.160180 2024] [mpm_winnt:notice] [pid 11844:tid 364] AH00455: Apache/2.4.58 (Win64) OpenSSL/3.1.3 PHP/8.2.12 configured -- resuming normal operations
[Wed Feb 28 11:25:38.160180 2024] [mpm_winnt:notice] [pid 11844:tid 364] AH00456: Apache Lounge VS17 Server built: Oct 18 2023 13:03:18
[Wed Feb 28 11:25:38.160180 2024] [core:notice] [pid 11844:tid 364] AH00094: Command line: 'd:\\xampp\\apache\\bin\\httpd.exe -d D:/xampp/apache'
[Wed Feb 28 11:25:38.160180 2024] [mpm_winnt:notice] [pid 11844:tid 364] AH00418: Parent: Created child process 5640
[Wed Feb 28 11:25:38.475934 2024] [ssl:warn] [pid 5640:tid 352] AH01909: www.example.com:443:0 server certificate does NOT include an ID which matches the server name
[Wed Feb 28 11:25:38.508442 2024] [ssl:warn] [pid 5640:tid 352] AH01909: www.example.com:443:0 server certificate does NOT include an ID which matches the server name
[Wed Feb 28 11:25:38.556634 2024] [mpm_winnt:notice] [pid 5640:tid 352] AH00354: Child: Starting 150 worker threads.
[Wed Feb 28 11:25:48.806127 2024] [php:warn] [pid 5640:tid 1892] [client ::1:49887] PHP Warning:  Undefined array key "login_name" in D:\\xampp\\htdocs\\Event_Management_System\\admin\\topbar.php on line 23
[Wed Feb 28 11:25:48.806127 2024] [php:warn] [pid 5640:tid 1892] [client ::1:49887] PHP Warning:  Undefined array key "login_id" in D:\\xampp\\htdocs\\Event_Management_System\\admin\\topbar.php on line 36
[Wed Feb 28 11:25:48.846547 2024] [php:warn] [pid 5640:tid 1892] [client ::1:49887] PHP Warning:  Undefined array key "system" in D:\\xampp\\htdocs\\Event_Management_System\\admin\\navbar.php on line 7
[Wed Feb 28 11:25:48.846547 2024] [php:warn] [pid 5640:tid 1892] [client ::1:49887] PHP Warning:  Trying to access array offset on value of type null in D:\\xampp\\htdocs\\Event_Management_System\\admin\\navbar.php on line 7
[Wed Feb 28 11:25:48.846547 2024] [php:warn] [pid 5640:tid 1892] [client ::1:49887] PHP Warning:  Undefined array key "login_type" in D:\\xampp\\htdocs\\Event_Management_System\\admin\\navbar.php on line 24
[Wed Feb 28 11:25:48.913755 2024] [php:warn] [pid 5640:tid 1892] [client ::1:49887] PHP Warning:  Undefined array key "login_name" in D:\\xampp\\htdocs\\Event_Management_System\\admin\\home.php on line 44
